2024-12-07 07:04:53,049 - aiogram - INFO - Bot: арбуз арбуз [@egorsosalBOT]
2024-12-07 07:04:53,187 - aiogram - WARNING - Updates were skipped successfully.
2024-12-07 07:04:53,187 - __main__ - INFO - Файл эксель уже создан
2024-12-07 07:04:53,281 - __main__ - INFO - Бот запущен
2024-12-07 07:04:53,281 - aiogram.dispatcher.dispatcher - INFO - Start polling.
2024-12-07 07:05:01,538 - __main__ - INFO - Вызвана команда /registr пользователем 7188502935
2024-12-07 07:05:05,061 - __main__ - INFO - Добавлен новый пользователь: 7188502935
2024-12-07 07:05:08,190 - __main__ - INFO - Добавлена группа 66 66 для пользователя 7188502935
2024-12-07 07:06:19,593 - aiogram - INFO - Bot: арбуз арбуз [@egorsosalBOT]
2024-12-07 07:06:19,765 - aiogram - WARNING - Updates were skipped successfully.
2024-12-07 07:06:19,766 - __main__ - INFO - Файл эксель уже создан
2024-12-07 07:06:19,846 - __main__ - INFO - Бот запущен
2024-12-07 07:06:19,846 - aiogram.dispatcher.dispatcher - INFO - Start polling.
2024-12-11 20:23:23,800 - aiogram - INFO - Bot: Ministry training test [@ArbuzArbuzGUU_bot]
2024-12-11 20:23:24,111 - aiogram - WARNING - Updates were skipped successfully.
2024-12-11 20:23:24,111 - __main__ - INFO - Файл эксель уже создан
2024-12-11 20:23:24,404 - __main__ - INFO - Бот запущен
2024-12-11 20:23:24,404 - aiogram.dispatcher.dispatcher - INFO - Start polling.
2024-12-11 20:23:26,020 - __main__ - INFO - Пользователь 857663686 вызвал команду /start
2024-12-11 20:23:26,229 - __main__ - INFO - Отправлено приветственное сообщение пользователю 857663686
2024-12-11 20:23:28,515 - __main__ - INFO - Отправлена команда HELP пользователю 857663686
2024-12-11 20:23:30,811 - __main__ - INFO - Вызвана команда /registr пользователем 857663686
2024-12-11 20:23:46,141 - __main__ - INFO - Добавлен новый пользователь: 857663686
2024-12-11 20:23:51,225 - __main__ - INFO - Добавлена группа ПИ 3-3 для пользователя 857663686
2024-12-11 20:28:25,233 - __main__ - INFO - Вызвана команда /profile пользователем 857663686
2024-12-11 20:28:59,781 - __main__ - ERROR - Ошибка при навигации: not enough values to unpack (expected 2, got 0)
2024-12-11 20:29:06,292 - __main__ - ERROR - Ошибка при навигации: not enough values to unpack (expected 2, got 0)
2024-12-11 20:31:46,189 - __main__ - ERROR - Ошибка при навигации: not enough values to unpack (expected 2, got 0)
2024-12-11 20:31:49,271 - __main__ - ERROR - Ошибка при навигации: not enough values to unpack (expected 2, got 0)
2024-12-11 20:31:50,035 - __main__ - ERROR - Ошибка при навигации: not enough values to unpack (expected 2, got 0)
2024-12-11 20:34:44,529 - aiogram - INFO - Bot: Ministry training test [@ArbuzArbuzGUU_bot]
2024-12-11 20:34:44,803 - aiogram - WARNING - Updates were skipped successfully.
2024-12-11 20:34:44,804 - __main__ - INFO - Файл эксель уже создан
2024-12-11 20:34:45,139 - __main__ - INFO - Бот запущен
2024-12-11 20:34:45,139 - aiogram.dispatcher.dispatcher - INFO - Start polling.
2024-12-11 20:34:47,904 - __main__ - INFO - Вызвана команда /profile пользователем 857663686
2024-12-11 20:35:20,062 - __main__ - INFO - Загружено 38 вопросов из файла
2024-12-11 20:39:08,900 - __main__ - ERROR - Ошибка при навигации: not enough values to unpack (expected 2, got 0)
2024-12-11 20:39:38,881 - aiogram - INFO - Bot: Ministry training test [@ArbuzArbuzGUU_bot]
2024-12-11 20:39:39,250 - aiogram - WARNING - Updates were skipped successfully.
2024-12-11 20:39:39,250 - __main__ - INFO - Файл эксель уже создан
2024-12-11 20:39:39,496 - __main__ - INFO - Бот запущен
2024-12-11 20:39:39,496 - aiogram.dispatcher.dispatcher - INFO - Start polling.
2024-12-11 20:43:08,499 - __main__ - INFO - Отправлена команда CONTORG пользователю 857663686
2024-12-11 20:43:28,658 - __main__ - INFO - Добавлена тема для пользователя 857663686: Разработка и проведение спортивных соревнований для детей с ОВЗ.
2024-12-11 20:43:28,663 - __main__ - INFO - Тема удалена из файла: Разработка и проведение спортивных соревнований для детей с ОВЗ.
2024-12-11 20:44:26,672 - __main__ - INFO - Пользователь 7180203207 вызвал команду /start
2024-12-11 20:44:26,892 - __main__ - INFO - Отправлено приветственное сообщение пользователю 7180203207
2024-12-11 20:44:30,144 - __main__ - INFO - Пользователь 7180203207 вызвал команду /start
2024-12-11 20:44:31,100 - __main__ - INFO - Отправлено приветственное сообщение пользователю 7180203207
2024-12-11 20:44:34,892 - __main__ - INFO - Отправлена команда HELP пользователю 7180203207
2024-12-11 20:44:38,174 - __main__ - INFO - Отправлена команда HELP пользователю 7180203207
2024-12-11 20:44:40,609 - __main__ - INFO - Вызвана команда /registr пользователем 7180203207
2024-12-11 20:44:47,727 - __main__ - INFO - Добавлен новый пользователь: 7180203207
2024-12-11 20:44:50,022 - __main__ - INFO - Добавлена группа gg gg-66 для пользователя 7180203207
2024-12-11 20:44:56,738 - __main__ - INFO - Вызвана команда /profile пользователем 7180203207
2024-12-11 20:45:37,764 - __main__ - INFO - Найдено 0 тем по ключевым словам: ['ОВЗ']
2024-12-11 20:46:10,687 - __main__ - ERROR - Ошибка при добавлении темы: [Errno 13] Permission denied: 'users_data.xlsx'
2024-12-11 20:46:36,102 - __main__ - INFO - Найдено 2 тем по ключевым словам: ['Обучение', 'навыкам']
2024-12-11 20:46:43,104 - __main__ - ERROR - Ошибка при добавлении темы: [Errno 13] Permission denied: 'users_data.xlsx'
2024-12-11 20:47:33,872 - __main__ - INFO - Найдено 2 тем по ключевым словам: ['Обучение', 'навыкам']
2024-12-11 20:47:50,585 - __main__ - INFO - Добавлена тема для пользователя 857663686: Обучение навыкам рисования или музыки детей из неблагополучных семей.
2024-12-11 20:48:00,833 - __main__ - INFO - Найдено 2 тем по ключевым словам: ['обучение']
2024-12-11 20:48:11,282 - __main__ - INFO - Добавлена тема для пользователя 7180203207: Обучение навыкам рисования или музыки детей из неблагополучных семей.
2024-12-11 20:48:11,285 - __main__ - INFO - Тема удалена из файла: Обучение навыкам рисования или музыки детей из неблагополучных семей.
